<?xml version="1.0" encoding="utf-8"?><testsuites name="pytest tests"><testsuite name="pytest" errors="0" failures="0" skipped="1" tests="16" time="7.348" timestamp="2026-06-06T23:32:52.251644+00:00" hostname="agent-env-765b01c1-eade-4602-a4eb-326a74f6c8a8"><testcase classname="backend.tests.test_v54_admin_features.TestAdminLogin" name="test_admin_login_returns_admin_flags" time="0.358" /><testcase classname="backend.tests.test_v54_admin_features.TestSecondaryEmail" name="test_get_me_returns_secondary_email_field" time="0.453" /><testcase classname="backend.tests.test_v54_admin_features.TestSecondaryEmail" name="test_patch_secondary_email" time="0.675" /><testcase classname="backend.tests.test_v54_admin_features.TestSecondaryEmail" name="test_email_config_includes_secondary" time="0.124" /><testcase classname="backend.tests.test_v54_admin_features.TestAdminConfig" name="test_get_admin_config" time="0.120" /><testcase classname="backend.tests.test_v54_admin_features.TestAdminConfig" name="test_maintenance_mode_toggle_and_banner" time="0.358" /><testcase classname="backend.tests.test_v54_admin_features.TestAdminConfig" name="test_feature_flags_toggle" time="1.419" /><testcase classname="backend.tests.test_v54_admin_features.TestAdminStats" name="test_admin_stats_counters" time="0.107" /><testcase classname="backend.tests.test_v54_admin_features.TestAdminUsers" name="test_list_users_with_limit" time="0.143" /><testcase classname="backend.tests.test_v54_admin_features.TestAdminUsers" name="test_search_users" time="0.119" /><testcase classname="backend.tests.test_v54_admin_features.TestAdminUsers" name="test_promote_and_demote_user" time="1.462" /><testcase classname="backend.tests.test_v54_admin_features.TestNonAdmin403" name="test_non_admin_blocked[/api/admin/config]" time="0.451" /><testcase classname="backend.tests.test_v54_admin_features.TestNonAdmin403" name="test_non_admin_blocked[/api/admin/stats]" time="0.436" /><testcase classname="backend.tests.test_v54_admin_features.TestNonAdmin403" name="test_non_admin_blocked[/api/admin/users]" time="0.433" /><testcase classname="backend.tests.test_v54_admin_features.TestTechOfferPDF" name="test_pdf_after_calculate" time="0.392" /><testcase classname="backend.tests.test_v54_admin_features.TestEmailCcEcho" name="test_email_doc_cc_echo" time="0.203"><skipped type="pytest.skip" message="No documents present to send">/app/backend/tests/test_v54_admin_features.py:307: No documents present to send</skipped></testcase></testsuite></testsuites>