<?xml version="1.0" encoding="utf-8"?><testsuites name="pytest tests"><testsuite name="pytest" errors="0" failures="0" skipped="0" tests="14" time="86.344" timestamp="2026-06-07T21:05:29.853519+00:00" hostname="agent-env-765b01c1-eade-4602-a4eb-326a74f6c8a8"><testcase classname="backend.tests.test_v57_features.TestAuth" name="test_login_admin_returns_jwt" time="0.457" /><testcase classname="backend.tests.test_v57_features.TestAuth" name="test_login_invalid_password" time="0.324" /><testcase classname="backend.tests.test_v57_features.TestAIAgents" name="test_agents_listing" time="0.511" /><testcase classname="backend.tests.test_v57_features.TestAIAgents" name="test_agent_post_returns_reply[producer-Ce normativ se aplic\u0103 pentru un sistem fotovoltaic de 30 kWp \xeen categoria B?-expected_terms0]" time="10.686" /><testcase classname="backend.tests.test_v57_features.TestAIAgents" name="test_agent_post_returns_reply[user-Ce \xeenseamn\u0103 5 kWp \u0219i c\xe2t produce \xeentr-un an?-expected_terms1]" time="12.990" /><testcase classname="backend.tests.test_v57_features.TestAIAgents" name="test_agent_post_returns_reply[client-Liste materiale pentru bran\u0219ament electric monofazat?-expected_terms2]" time="24.868" /><testcase classname="backend.tests.test_v57_features.TestAIAgents" name="test_agent_post_returns_reply[developer-Cum adaug un endpoint pentru sincronizare ANAF?-expected_terms3]" time="35.535" /><testcase classname="backend.tests.test_v57_features.TestAIAgents" name="test_agent_history" time="0.229" /><testcase classname="backend.tests.test_v57_features.TestMarketplace" name="test_jobs_list" time="0.106" /><testcase classname="backend.tests.test_v57_features.TestMarketplace" name="test_dev_contracts_list" time="0.123" /><testcase classname="backend.tests.test_v57_features.TestSystemTemplates" name="test_system_templates_count" time="0.099" /><testcase classname="backend.tests.test_v57_features.TestANAF" name="test_anaf_invoices_list_no_500" time="0.108" /><testcase classname="backend.tests.test_v57_features.TestAdminConfig" name="test_admin_config_requires_auth" time="0.106" /><testcase classname="backend.tests.test_v57_features.TestAdminConfig" name="test_admin_config_returns_config" time="0.111" /></testsuite></testsuites>